<?xml version="1.0" encoding="UTF-8"?>
<testsuite xmlns:xsi="http://www.w3.org/2001/XMLSchema-instance" xsi:noNamespaceSchemaLocation="https://maven.apache.org/surefire/maven-surefire-plugin/xsd/surefire-test-report-3.0.xsd" version="3.0" name="pz.ImageTests" time="2.19" tests="4" errors="0" skipped="0" failures="0">
  <properties>
[...]
</properties>
  <testcase name="getNonExistenImageTest" classname="pz.ImageTests" time="0.58">
    <system-out><![CDATA[HTTP/1.1 404 Not Found
Connection: keep-alive
Content-Length: 4323
Content-Type: text/html; charset=utf-8
ETag: "615f83d0-10e3"
Accept-Ranges: bytes
Date: Sun, 10 Oct 2021 21:01:10 GMT
X-Served-By: cache-hel6829-HEL
X-Cache: MISS
X-Cache-Hits: 0
X-Timer: S1633899670.846317,VS0,VE310
Vary: Accept-Encoding
access-control-allow-methods: GET, PUT, POST, PATCH, DELETE, OPTIONS
Server: cat factory 1.0
Access-Control-Allow-Origin: *
Access-Control-Allow-Credentials: true
X-Frame-Options: DENY
Access-Control-Allow-Headers: Authorization, Content-Type, Accept, X-Mashape-Authorization, IMGURPLATFORM, IMGURUIDJAFO, sessionCount, IMGURMWBETA, IMGURMWBETAOPTIN, X-expSNKPK127, X-Imgur-Defender-Bypass

<html lang="en">
  <head>
    <title>imgur: the simple 404 page</title>
    <meta http-equiv="content-type" content="text/html;charset=utf-8"/>
    <meta name="robots" content="noindex,nofollow"/>
    <meta name="keywords" content="images, funny pictures, image host, image upload, image sharing, image resize"/>
    <meta name="description" content="Imgur is home to the web's most popular image content, curated in real time by a dedicated community through commenting, voting and sharing."/>
    <meta name="copyright" content="Copyright 2014 Imgur, Inc."/>
    <meta http-equiv="X-UA-Compatible" content="IE=Edge;"/>
    <link rel="stylesheet" type="text/css" href="https://s.imgur.com/min/404.css?1393899213"/>
  </head>
  <body>
    <div class="nodisplay">
        Imgur is home to the web's most popular image content, curated in real time by a dedicated community through commenting, voting and sharing.
    </div>
    <div id="hallway">
      <div class="container">
        <div class="painting" id="cat1">
          <img src="//s.imgur.com/images/404/cat1weyes.png"/>
          <div class="eye-container">
            <div class="eye left">
              <div class="pupil"/>
            </div>
            <div class="eye right">
              <div class="pupil"/>
            </div>
          </div>
        </div>
        <div class="painting" id="cat2">
          <img src="//s.imgur.com/images/404/cat2weyes.png"/>
          <div class="eye-container">
            <div class="eye">
              <div class="pupil"/>
            </div>
          </div>
        </div>
        <div class="painting" id="giraffe">
          <img src="//s.imgur.com/images/404/giraffeweyes.png"/>
          <div class="eye-container">
            <div class="eye left">
              <div class="pupil"/>
            </div>
            <div class="eye right">
              <div class="pupil"/>
            </div>
          </div>
          <img class="monocle" src="//s.imgur.com/images/404/monocle.png"/>
        </div>
        <div class="painting" id="cat3">
          <img src="//s.imgur.com/images/404/cat3weyes.png"/>
          <div class="eye-container">
            <div class="eye left">
              <div class="pupil"/>
            </div>
            <div class="eye right">
              <div class="pupil"/>
            </div>
          </div>
        </div>
        <div class="painting" id="cat4">
          <img src="//s.imgur.com/images/404/cat4weyes.png"/>
          <div class="eye-container">
            <div class="eye left">
              <div class="pupil"/>
            </div>
            <div class="eye right">
              <div class="pupil"/>
            </div>
          </div>
        </div>
      </div>
    </div>
    <div class="footer textbox">
      <h1>Zoinks! You've taken a wrong turn.</h1>
      <p>Let's split up, gang. If you're looking for an image, it's probably been deleted or may not have existed at all.</p>
      <p>
If you are looking for groovy images,         <a shape="rect" href="//imgur.com">visit our gallery!</a>
      </p>
      <a shape="rect" class="footer-logo" href="//imgur.com">
        <img src="https://s.imgur.com/images/imgurlogo-header.png"/>
      </a>
    </div>
    <script type="text/javascript">
        (function(widgetFactory) {
            widgetFactory.mergeConfig('analytics', {
                isAdmin: false
            });
        })(_widgetFactory);
    </script>
    <script type="text/javascript" src="https://s.imgur.com/min/404.js?1393899213"/>
    <script type="text/javascript">
            var e404 = E404.getInstance();
            e404.generalInit();
    </script>
  </body>
</html>
]]></system-out>
  </testcase>
  <testcase name="favoriteNonExistenTest" classname="pz.ImageTests" time="0.389">
    <system-out><![CDATA[HTTP/1.1 404 Not Found
Connection: close
Content-Length: 4323
Server: nginx
Date: Sun, 10 Oct 2021 21:01:10 GMT
Content-Type: text/html; charset=utf-8
ETag: "615f83d0-10e3"
Set-Cookie: UPSERVERID=upload.i-0c6613337cb079685.production; path=/

<html lang="en">
  <head>
    <title>imgur: the simple 404 page</title>
    <meta http-equiv="content-type" content="text/html;charset=utf-8"/>
    <meta name="robots" content="noindex,nofollow"/>
    <meta name="keywords" content="images, funny pictures, image host, image upload, image sharing, image resize"/>
    <meta name="description" content="Imgur is home to the web's most popular image content, curated in real time by a dedicated community through commenting, voting and sharing."/>
    <meta name="copyright" content="Copyright 2014 Imgur, Inc."/>
    <meta http-equiv="X-UA-Compatible" content="IE=Edge;"/>
    <link rel="stylesheet" type="text/css" href="https://s.imgur.com/min/404.css?1393899213"/>
  </head>
  <body>
    <div class="nodisplay">
        Imgur is home to the web's most popular image content, curated in real time by a dedicated community through commenting, voting and sharing.
    </div>
    <div id="hallway">
      <div class="container">
        <div class="painting" id="cat1">
          <img src="//s.imgur.com/images/404/cat1weyes.png"/>
          <div class="eye-container">
            <div class="eye left">
              <div class="pupil"/>
            </div>
            <div class="eye right">
              <div class="pupil"/>
            </div>
          </div>
        </div>
        <div class="painting" id="cat2">
          <img src="//s.imgur.com/images/404/cat2weyes.png"/>
          <div class="eye-container">
            <div class="eye">
              <div class="pupil"/>
            </div>
          </div>
        </div>
        <div class="painting" id="giraffe">
          <img src="//s.imgur.com/images/404/giraffeweyes.png"/>
          <div class="eye-container">
            <div class="eye left">
              <div class="pupil"/>
            </div>
            <div class="eye right">
              <div class="pupil"/>
            </div>
          </div>
          <img class="monocle" src="//s.imgur.com/images/404/monocle.png"/>
        </div>
        <div class="painting" id="cat3">
          <img src="//s.imgur.com/images/404/cat3weyes.png"/>
          <div class="eye-container">
            <div class="eye left">
              <div class="pupil"/>
            </div>
            <div class="eye right">
              <div class="pupil"/>
            </div>
          </div>
        </div>
        <div class="painting" id="cat4">
          <img src="//s.imgur.com/images/404/cat4weyes.png"/>
          <div class="eye-container">
            <div class="eye left">
              <div class="pupil"/>
            </div>
            <div class="eye right">
              <div class="pupil"/>
            </div>
          </div>
        </div>
      </div>
    </div>
    <div class="footer textbox">
      <h1>Zoinks! You've taken a wrong turn.</h1>
      <p>Let's split up, gang. If you're looking for an image, it's probably been deleted or may not have existed at all.</p>
      <p>
If you are looking for groovy images,         <a shape="rect" href="//imgur.com">visit our gallery!</a>
      </p>
      <a shape="rect" class="footer-logo" href="//imgur.com">
        <img src="https://s.imgur.com/images/imgurlogo-header.png"/>
      </a>
    </div>
    <script type="text/javascript">
        (function(widgetFactory) {
            widgetFactory.mergeConfig('analytics', {
                isAdmin: false
            });
        })(_widgetFactory);
    </script>
    <script type="text/javascript" src="https://s.imgur.com/min/404.js?1393899213"/>
    <script type="text/javascript">
            var e404 = E404.getInstance();
            e404.generalInit();
    </script>
  </body>
</html>
]]></system-out>
  </testcase>
  <testcase name="uploadFileNoDataTest" classname="pz.ImageTests" time="0.822">
    <system-out><![CDATA[HTTP/1.1 400 Bad Request
Connection: close
Content-Length: 129
Access-Control-Allow-Headers: Authorization, Content-Type, Accept, X-Mashape-Authorization, IMGURPLATFORM, IMGURUIDJAFO, SESSIONCOUNT, IMGURMWBETA, IMGURMWBETAOPTIN
Access-Control-Allow-Methods: GET, PUT, POST, DELETE, OPTIONS
Access-Control-Allow-Origin: *
Access-Control-Expose-Headers: X-RateLimit-ClientLimit, X-RateLimit-ClientRemaining, X-RateLimit-UserLimit, X-RateLimit-UserRemaining, X-RateLimit-UserReset, Geo-City, Geo-Region, Geo-Metro-Code, Geo-Country-Code
Cache-Control: no-store, no-cache, must-revalidate, post-check=0, pre-check=0
Content-Type: application/json
Date: Sun, 10 Oct 2021 21:01:11 GMT
ETag: "a2b37585699aeeadc26059fa73c7d0e25dd96482"
Server: nginx
X-Post-Rate-Limit-Limit: 1250
X-Post-Rate-Limit-Remaining: 1159
X-Post-Rate-Limit-Reset: 58

{
    "data": {
        "error": "No image data was sent to the upload api",
        "request": "/3/image",
        "method": "POST"
    },
    "success": false,
    "status": 400
}
]]></system-out>
  </testcase>
  <testcase name="unFavoriteNonExistenTest" classname="pz.ImageTests" time="0.392">
    <system-out><![CDATA[HTTP/1.1 404 Not Found
Connection: close
Content-Length: 4323
Server: nginx
Date: Sun, 10 Oct 2021 21:01:11 GMT
Content-Type: text/html; charset=utf-8
ETag: "615f83d0-10e3"
Set-Cookie: UPSERVERID=upload.i-0c6613337cb079685.production; path=/

<html lang="en">
  <head>
    <title>imgur: the simple 404 page</title>
    <meta http-equiv="content-type" content="text/html;charset=utf-8"/>
    <meta name="robots" content="noindex,nofollow"/>
    <meta name="keywords" content="images, funny pictures, image host, image upload, image sharing, image resize"/>
    <meta name="description" content="Imgur is home to the web's most popular image content, curated in real time by a dedicated community through commenting, voting and sharing."/>
    <meta name="copyright" content="Copyright 2014 Imgur, Inc."/>
    <meta http-equiv="X-UA-Compatible" content="IE=Edge;"/>
    <link rel="stylesheet" type="text/css" href="https://s.imgur.com/min/404.css?1393899213"/>
  </head>
  <body>
    <div class="nodisplay">
        Imgur is home to the web's most popular image content, curated in real time by a dedicated community through commenting, voting and sharing.
    </div>
    <div id="hallway">
      <div class="container">
        <div class="painting" id="cat1">
          <img src="//s.imgur.com/images/404/cat1weyes.png"/>
          <div class="eye-container">
            <div class="eye left">
              <div class="pupil"/>
            </div>
            <div class="eye right">
              <div class="pupil"/>
            </div>
          </div>
        </div>
        <div class="painting" id="cat2">
          <img src="//s.imgur.com/images/404/cat2weyes.png"/>
          <div class="eye-container">
            <div class="eye">
              <div class="pupil"/>
            </div>
          </div>
        </div>
        <div class="painting" id="giraffe">
          <img src="//s.imgur.com/images/404/giraffeweyes.png"/>
          <div class="eye-container">
            <div class="eye left">
              <div class="pupil"/>
            </div>
            <div class="eye right">
              <div class="pupil"/>
            </div>
          </div>
          <img class="monocle" src="//s.imgur.com/images/404/monocle.png"/>
        </div>
        <div class="painting" id="cat3">
          <img src="//s.imgur.com/images/404/cat3weyes.png"/>
          <div class="eye-container">
            <div class="eye left">
              <div class="pupil"/>
            </div>
            <div class="eye right">
              <div class="pupil"/>
            </div>
          </div>
        </div>
        <div class="painting" id="cat4">
          <img src="//s.imgur.com/images/404/cat4weyes.png"/>
          <div class="eye-container">
            <div class="eye left">
              <div class="pupil"/>
            </div>
            <div class="eye right">
              <div class="pupil"/>
            </div>
          </div>
        </div>
      </div>
    </div>
    <div class="footer textbox">
      <h1>Zoinks! You've taken a wrong turn.</h1>
      <p>Let's split up, gang. If you're looking for an image, it's probably been deleted or may not have existed at all.</p>
      <p>
If you are looking for groovy images,         <a shape="rect" href="//imgur.com">visit our gallery!</a>
      </p>
      <a shape="rect" class="footer-logo" href="//imgur.com">
        <img src="https://s.imgur.com/images/imgurlogo-header.png"/>
      </a>
    </div>
    <script type="text/javascript">
        (function(widgetFactory) {
            widgetFactory.mergeConfig('analytics', {
                isAdmin: false
            });
        })(_widgetFactory);
    </script>
    <script type="text/javascript" src="https://s.imgur.com/min/404.js?1393899213"/>
    <script type="text/javascript">
            var e404 = E404.getInstance();
            e404.generalInit();
    </script>
  </body>
</html>
]]></system-out>
  </testcase>
</testsuite>