<?xml version="1.0" encoding="UTF-8"?>
<testsuite xmlns:xsi="http://www.w3.org/2001/XMLSchema-instance" xsi:noNamespaceSchemaLocation="https://maven.apache.org/surefire/maven-surefire-plugin/xsd/surefire-test-report-3.0.xsd" version="3.0" name="pz.ImageAndAlbumsTests" time="15.019" tests="16" errors="0" skipped="0" failures="0">
  <properties>
[...]
</properties>
  <testcase name="uploadFile1Test" classname="pz.ImageAndAlbumsTests" time="2.031">
    <system-out><![CDATA[HTTP/1.1 200 OK
Connection: close
Content-Length: 345
Access-Control-Allow-Headers: Authorization, Content-Type, Accept, X-Mashape-Authorization, IMGURPLATFORM, IMGURUIDJAFO, SESSIONCOUNT, IMGURMWBETA, IMGURMWBETAOPTIN
Access-Control-Allow-Methods: GET, PUT, POST, DELETE, OPTIONS
Access-Control-Allow-Origin: *
Access-Control-Expose-Headers: X-RateLimit-ClientLimit, X-RateLimit-ClientRemaining, X-RateLimit-UserLimit, X-RateLimit-UserRemaining, X-RateLimit-UserReset, Geo-City, Geo-Region, Geo-Metro-Code, Geo-Country-Code
Cache-Control: no-store, no-cache, must-revalidate, post-check=0, pre-check=0
Content-Encoding: gzip
Content-Type: application/json
Date: Sun, 10 Oct 2021 21:00:56 GMT
ETag: W/"bb477d3831d6b159f45ffec693f5fd55f3108382"
Expires: Thu, 19 Nov 1981 08:52:00 GMT
Pragma: no-cache
Server: nginx
Set-Cookie: IMGURSESSION=7b20bd9d1aa9afc3137d44c62a201cb3; path=/; domain=.imgur.com; secure; HttpOnly
Set-Cookie: _nc=1; path=/; domain=.imgur.com; HttpOnly
Vary: Accept-Encoding
X-origin-ip: 172.16.2.101
X-Post-Rate-Limit-Limit: 1250
X-Post-Rate-Limit-Remaining: 1170
X-Post-Rate-Limit-Reset: 74
X-RateLimit-ClientLimit: 12500
X-RateLimit-ClientRemaining: 12312
X-RateLimit-UserLimit: 2000
X-RateLimit-UserRemaining: 1887
X-RateLimit-UserReset: 1633899729

{
    "data": {
        "id": "KsNmQRE",
        "title": "ImageTitle",
        "description": null,
        "datetime": 1633899656,
        "type": "image/jpeg",
        "animated": false,
        "width": 3840,
        "height": 2160,
        "size": 751366,
        "views": 0,
        "bandwidth": 0,
        "vote": null,
        "favorite": false,
        "nsfw": null,
        "section": null,
        "account_url": null,
        "account_id": 155524493,
        "is_ad": false,
        "in_most_viral": false,
        "has_sound": false,
        "tags": [
            
        ],
        "ad_type": 0,
        "ad_url": "",
        "edited": "0",
        "in_gallery": false,
        "deletehash": "zpkdHnMuAFmdmhP",
        "name": "",
        "link": "https://i.imgur.com/KsNmQRE.jpg"
    },
    "success": true,
    "status": 200
}
]]></system-out>
  </testcase>
  <testcase name="favoriteAnUploadImageTest" classname="pz.ImageAndAlbumsTests" time="0.85">
    <system-out><![CDATA[HTTP/1.1 200 OK
Connection: close
Server: nginx
Date: Sun, 10 Oct 2021 21:00:57 GMT
Content-Type: application/json
Vary: Accept-Encoding
X-Post-Rate-Limit-Limit: 1250
X-Post-Rate-Limit-Remaining: 1169
X-Post-Rate-Limit-Reset: 72
Access-Control-Allow-Origin: *
Access-Control-Allow-Methods: GET, PUT, POST, DELETE, OPTIONS
Access-Control-Allow-Headers: Authorization, Content-Type, Accept, X-Mashape-Authorization, IMGURPLATFORM, IMGURUIDJAFO, SESSIONCOUNT, IMGURMWBETA, IMGURMWBETAOPTIN
Access-Control-Expose-Headers: X-RateLimit-ClientLimit, X-RateLimit-ClientRemaining, X-RateLimit-UserLimit, X-RateLimit-UserRemaining, X-RateLimit-UserReset, Geo-City, Geo-Region, Geo-Metro-Code, Geo-Country-Code
X-RateLimit-ClientLimit: 12500
X-RateLimit-ClientRemaining: 12311
X-RateLimit-UserLimit: 2000
X-RateLimit-UserRemaining: 1886
X-RateLimit-UserReset: 1633899729
ETag: W/"115e5cdd04ba8fa979c9a2045e98b7c455c1683f"
Cache-Control: no-store, no-cache, must-revalidate, post-check=0, pre-check=0
X-origin-ip: 172.16.2.81
Content-Encoding: gzip
Set-Cookie: UPSERVERID=upload.i-02dd57f716beff78f.production; path=/
transfer-encoding: chunked

{
    "data": "favorited",
    "success": true,
    "status": 200
}
]]></system-out>
  </testcase>
  <testcase name="unFavoriteAnUploadImageTest" classname="pz.ImageAndAlbumsTests" time="0.758">
    <system-out><![CDATA[HTTP/1.1 200 OK
Connection: close
Server: nginx
Date: Sun, 10 Oct 2021 21:00:58 GMT
Content-Type: application/json
Vary: Accept-Encoding
X-Post-Rate-Limit-Limit: 1250
X-Post-Rate-Limit-Remaining: 1168
X-Post-Rate-Limit-Reset: 71
Access-Control-Allow-Origin: *
Access-Control-Allow-Methods: GET, PUT, POST, DELETE, OPTIONS
Access-Control-Allow-Headers: Authorization, Content-Type, Accept, X-Mashape-Authorization, IMGURPLATFORM, IMGURUIDJAFO, SESSIONCOUNT, IMGURMWBETA, IMGURMWBETAOPTIN
Access-Control-Expose-Headers: X-RateLimit-ClientLimit, X-RateLimit-ClientRemaining, X-RateLimit-UserLimit, X-RateLimit-UserRemaining, X-RateLimit-UserReset, Geo-City, Geo-Region, Geo-Metro-Code, Geo-Country-Code
X-RateLimit-ClientLimit: 12500
X-RateLimit-ClientRemaining: 12310
X-RateLimit-UserLimit: 2000
X-RateLimit-UserRemaining: 1885
X-RateLimit-UserReset: 1633899729
ETag: W/"70a1cdc3cf0d2a7186f2d56b6d7aca3aa4eee367"
Cache-Control: no-store, no-cache, must-revalidate, post-check=0, pre-check=0
X-origin-ip: 172.16.2.101
Content-Encoding: gzip
Set-Cookie: UPSERVERID=upload.i-0b0664918377f7293.production; path=/
transfer-encoding: chunked

{
    "data": "unfavorited",
    "success": true,
    "status": 200
}
]]></system-out>
  </testcase>
  <testcase name="createAlbumTest" classname="pz.ImageAndAlbumsTests" time="0.587">
    <system-out><![CDATA[HTTP/1.1 200 OK
Connection: keep-alive
Content-Type: application/json
X-Post-Rate-Limit-Limit: 1250
X-Post-Rate-Limit-Remaining: 1167
X-Post-Rate-Limit-Reset: 71
Access-Control-Expose-Headers: X-RateLimit-ClientLimit, X-RateLimit-ClientRemaining, X-RateLimit-UserLimit, X-RateLimit-UserRemaining, X-RateLimit-UserReset, Geo-City, Geo-Region, Geo-Metro-Code, Geo-Country-Code
X-RateLimit-ClientLimit: 12500
X-RateLimit-ClientRemaining: 12309
X-RateLimit-UserLimit: 2000
X-RateLimit-UserRemaining: 1884
X-RateLimit-UserReset: 1633899729
ETag: W/"a19cdce025f35be37b166409bd251334ccb13d36"
Cache-Control: no-store, no-cache, must-revalidate, post-check=0, pre-check=0
Content-Encoding: gzip
Accept-Ranges: bytes
Date: Sun, 10 Oct 2021 21:00:58 GMT
X-Served-By: cache-hel6824-HEL
X-Cache: MISS
X-Cache-Hits: 0
X-Timer: S1633899658.488849,VS0,VE270
Vary: Accept-Encoding
access-control-allow-methods: GET, PUT, POST, PATCH, DELETE, OPTIONS
Server: cat factory 1.0
Access-Control-Allow-Origin: *
Access-Control-Allow-Credentials: true
X-Frame-Options: DENY
Access-Control-Allow-Headers: Authorization, Content-Type, Accept, X-Mashape-Authorization, IMGURPLATFORM, IMGURUIDJAFO, sessionCount, IMGURMWBETA, IMGURMWBETAOPTIN, X-expSNKPK127, X-Imgur-Defender-Bypass
transfer-encoding: chunked

{
    "data": {
        "id": "efxtlcC",
        "deletehash": "ItUI511rGeTkkrL"
    },
    "success": true,
    "status": 200
}
]]></system-out>
  </testcase>
  <testcase name="getAlbumTest" classname="pz.ImageAndAlbumsTests" time="0.475">
    <system-out><![CDATA[Request method:	GET
Request URI:	https://api.imgur.com/3/album/efxtlcC
HTTP/1.1 200 OK
Connection: keep-alive
Content-Type: application/json
Access-Control-Expose-Headers: X-RateLimit-ClientLimit, X-RateLimit-ClientRemaining, X-RateLimit-UserLimit, X-RateLimit-UserRemaining, X-RateLimit-UserReset, Geo-City, Geo-Region, Geo-Metro-Code, Geo-Country-Code
X-RateLimit-ClientLimit: 12500
X-RateLimit-ClientRemaining: 12308
X-RateLimit-UserLimit: 2000
X-RateLimit-UserRemaining: 1883
X-RateLimit-UserReset: 1633899729
ETag: W/"214ac5356e7e52cf3538974076c892a7a7076258"
Cache-Control: no-store, no-cache, must-revalidate, post-check=0, pre-check=0
Content-Encoding: gzip
Accept-Ranges: bytes
Date: Sun, 10 Oct 2021 21:00:59 GMT
X-Served-By: cache-hel6829-HEL
X-Cache: MISS
X-Cache-Hits: 0
X-Timer: S1633899659.063702,VS0,VE158
Vary: Accept-Encoding
access-control-allow-methods: GET, PUT, POST, PATCH, DELETE, OPTIONS
Server: cat factory 1.0
Access-Control-Allow-Origin: *
Access-Control-Allow-Credentials: true
X-Frame-Options: DENY
Access-Control-Allow-Headers: Authorization, Content-Type, Accept, X-Mashape-Authorization, IMGURPLATFORM, IMGURUIDJAFO, sessionCount, IMGURMWBETA, IMGURMWBETAOPTIN, X-expSNKPK127, X-Imgur-Defender-Bypass
transfer-encoding: chunked

{
    "data": {
        "id": "efxtlcC",
        "title": "My dank meme album",
        "description": null,
        "datetime": 1633899658,
        "cover": null,
        "cover_edited": null,
        "cover_width": null,
        "cover_height": null,
        "account_url": "Peonmlk",
        "account_id": 155524493,
        "privacy": "hidden",
        "layout": "blog",
        "views": 0,
        "link": "https://imgur.com/a/efxtlcC",
        "favorite": false,
        "nsfw": false,
        "section": null,
        "images_count": 0,
        "in_gallery": false,
        "is_ad": false,
        "include_album_ads": false,
        "is_album": true,
        "deletehash": "ItUI511rGeTkkrL",
        "images": [
            
        ],
        "ad_config": {
            "safeFlags": [
                "not_in_gallery",
                "share"
            ],
            "highRiskFlags": [
                
            ],
            "unsafeFlags": [
                "sixth_mod_unsafe",
                "updated_date"
            ],
            "wallUnsafeFlags": [
                
            ],
            "showsAds": false
        }
    },
    "success": true,
    "status": 200
}
]]></system-out>
  </testcase>
  <testcase name="uploadFile2ToAlbumTest" classname="pz.ImageAndAlbumsTests" time="1.458">
    <system-out><![CDATA[HTTP/1.1 200 OK
Connection: close
Content-Length: 339
Access-Control-Allow-Headers: Authorization, Content-Type, Accept, X-Mashape-Authorization, IMGURPLATFORM, IMGURUIDJAFO, SESSIONCOUNT, IMGURMWBETA, IMGURMWBETAOPTIN
Access-Control-Allow-Methods: GET, PUT, POST, DELETE, OPTIONS
Access-Control-Allow-Origin: *
Access-Control-Expose-Headers: X-RateLimit-ClientLimit, X-RateLimit-ClientRemaining, X-RateLimit-UserLimit, X-RateLimit-UserRemaining, X-RateLimit-UserReset, Geo-City, Geo-Region, Geo-Metro-Code, Geo-Country-Code
Cache-Control: no-store, no-cache, must-revalidate, post-check=0, pre-check=0
Content-Encoding: gzip
Content-Type: application/json
Date: Sun, 10 Oct 2021 21:01:00 GMT
ETag: W/"315957cc999cf066c0fb3f9d5172345b4defe697"
Expires: Thu, 19 Nov 1981 08:52:00 GMT
Pragma: no-cache
Server: nginx
Set-Cookie: IMGURSESSION=5943e44030ba86c921d1554bae02ceea; path=/; domain=.imgur.com; secure; HttpOnly
Set-Cookie: _nc=1; path=/; domain=.imgur.com; HttpOnly
Vary: Accept-Encoding
X-origin-ip: 172.16.2.101
X-Post-Rate-Limit-Limit: 1250
X-Post-Rate-Limit-Remaining: 1166
X-Post-Rate-Limit-Reset: 69
X-RateLimit-ClientLimit: 12500
X-RateLimit-ClientRemaining: 12307
X-RateLimit-UserLimit: 2000
X-RateLimit-UserRemaining: 1882
X-RateLimit-UserReset: 1633899729

{
    "data": {
        "id": "GuC3lzZ",
        "title": "ImageTitle",
        "description": null,
        "datetime": 1633899660,
        "type": "image/png",
        "animated": false,
        "width": 415,
        "height": 252,
        "size": 146525,
        "views": 0,
        "bandwidth": 0,
        "vote": null,
        "favorite": false,
        "nsfw": null,
        "section": null,
        "account_url": null,
        "account_id": 155524493,
        "is_ad": false,
        "in_most_viral": false,
        "has_sound": false,
        "tags": [
            
        ],
        "ad_type": 0,
        "ad_url": "",
        "edited": "0",
        "in_gallery": false,
        "deletehash": "n75C7mnamYJQvDZ",
        "name": "",
        "link": "https://i.imgur.com/GuC3lzZ.png"
    },
    "success": true,
    "status": 200
}
]]></system-out>
  </testcase>
  <testcase name="updateImage" classname="pz.ImageAndAlbumsTests" time="0.799">
    <system-out><![CDATA[HTTP/1.1 200 OK
Connection: close
Server: nginx
Date: Sun, 10 Oct 2021 21:01:01 GMT
Content-Type: application/json
Vary: Accept-Encoding
X-Post-Rate-Limit-Limit: 1250
X-Post-Rate-Limit-Remaining: 1165
X-Post-Rate-Limit-Reset: 68
Access-Control-Allow-Origin: *
Access-Control-Allow-Methods: GET, PUT, POST, DELETE, OPTIONS
Access-Control-Allow-Headers: Authorization, Content-Type, Accept, X-Mashape-Authorization, IMGURPLATFORM, IMGURUIDJAFO, SESSIONCOUNT, IMGURMWBETA, IMGURMWBETAOPTIN
Access-Control-Expose-Headers: X-RateLimit-ClientLimit, X-RateLimit-ClientRemaining, X-RateLimit-UserLimit, X-RateLimit-UserRemaining, X-RateLimit-UserReset, Geo-City, Geo-Region, Geo-Metro-Code, Geo-Country-Code
X-RateLimit-ClientLimit: 12500
X-RateLimit-ClientRemaining: 12306
X-RateLimit-UserLimit: 2000
X-RateLimit-UserRemaining: 1881
X-RateLimit-UserReset: 1633899729
ETag: W/"4a931e85c4c3e49f1fb921656d64b65510e32928"
Cache-Control: no-store, no-cache, must-revalidate, post-check=0, pre-check=0
X-origin-ip: 172.16.2.101
Content-Encoding: gzip
Set-Cookie: UPSERVERID=upload.i-0b0664918377f7293.production; path=/
transfer-encoding: chunked

{
    "data": true,
    "success": true,
    "status": 200
}
]]></system-out>
  </testcase>
  <testcase name="getImageTest" classname="pz.ImageAndAlbumsTests" time="0.436">
    <system-out><![CDATA[HTTP/1.1 200 OK
Connection: keep-alive
Content-Type: application/json
Access-Control-Expose-Headers: X-RateLimit-ClientLimit, X-RateLimit-ClientRemaining, X-RateLimit-UserLimit, X-RateLimit-UserRemaining, X-RateLimit-UserReset, Geo-City, Geo-Region, Geo-Metro-Code, Geo-Country-Code
X-RateLimit-ClientLimit: 12500
X-RateLimit-ClientRemaining: 12305
X-RateLimit-UserLimit: 2000
X-RateLimit-UserRemaining: 1880
X-RateLimit-UserReset: 1633899729
ETag: W/"d2c0805f1dbd734e574a4bd572cc277fe85bd9d0"
Cache-Control: no-store, no-cache, must-revalidate, post-check=0, pre-check=0
Content-Encoding: gzip
Accept-Ranges: bytes
Date: Sun, 10 Oct 2021 21:01:01 GMT
X-Served-By: cache-hel6821-HEL
X-Cache: MISS
X-Cache-Hits: 0
X-Timer: S1633899662.791984,VS0,VE145
Vary: Accept-Encoding
access-control-allow-methods: GET, PUT, POST, PATCH, DELETE, OPTIONS
Server: cat factory 1.0
Access-Control-Allow-Origin: *
Access-Control-Allow-Credentials: true
X-Frame-Options: DENY
Access-Control-Allow-Headers: Authorization, Content-Type, Accept, X-Mashape-Authorization, IMGURPLATFORM, IMGURUIDJAFO, sessionCount, IMGURMWBETA, IMGURMWBETAOPTIN, X-expSNKPK127, X-Imgur-Defender-Bypass
transfer-encoding: chunked

{
    "data": {
        "id": "KsNmQRE",
        "title": "Heart",
        "description": "This is an image of a heart outline.",
        "datetime": 1633899656,
        "type": "image/jpeg",
        "animated": false,
        "width": 3840,
        "height": 2160,
        "size": 751366,
        "views": 0,
        "bandwidth": 0,
        "vote": null,
        "favorite": false,
        "nsfw": false,
        "section": null,
        "account_url": null,
        "account_id": 155524493,
        "is_ad": false,
        "in_most_viral": false,
        "has_sound": false,
        "tags": [
            
        ],
        "ad_type": 0,
        "ad_url": "",
        "edited": "0",
        "in_gallery": false,
        "deletehash": "zpkdHnMuAFmdmhP",
        "name": null,
        "link": "https://i.imgur.com/KsNmQRE.jpg",
        "ad_config": {
            "safeFlags": [
                "not_in_gallery",
                "share"
            ],
            "highRiskFlags": [
                
            ],
            "unsafeFlags": [
                "sixth_mod_unsafe"
            ],
            "wallUnsafeFlags": [
                
            ],
            "showsAds": false
        }
    },
    "success": true,
    "status": 200
}
]]></system-out>
  </testcase>
  <testcase name="uploadFile3Test" classname="pz.ImageAndAlbumsTests" time="1.556">
    <system-out><![CDATA[HTTP/1.1 200 OK
Connection: close
Content-Length: 338
Access-Control-Allow-Headers: Authorization, Content-Type, Accept, X-Mashape-Authorization, IMGURPLATFORM, IMGURUIDJAFO, SESSIONCOUNT, IMGURMWBETA, IMGURMWBETAOPTIN
Access-Control-Allow-Methods: GET, PUT, POST, DELETE, OPTIONS
Access-Control-Allow-Origin: *
Access-Control-Expose-Headers: X-RateLimit-ClientLimit, X-RateLimit-ClientRemaining, X-RateLimit-UserLimit, X-RateLimit-UserRemaining, X-RateLimit-UserReset, Geo-City, Geo-Region, Geo-Metro-Code, Geo-Country-Code
Cache-Control: no-store, no-cache, must-revalidate, post-check=0, pre-check=0
Content-Encoding: gzip
Content-Type: application/json
Date: Sun, 10 Oct 2021 21:01:03 GMT
ETag: W/"ddcabd27feb398995b3f8fa3cdbb09c8fac237c0"
Expires: Thu, 19 Nov 1981 08:52:00 GMT
Pragma: no-cache
Server: nginx
Set-Cookie: IMGURSESSION=fd239f56b7f3a3034e54b11cab3c1230; path=/; domain=.imgur.com; secure; HttpOnly
Set-Cookie: _nc=1; path=/; domain=.imgur.com; HttpOnly
Vary: Accept-Encoding
X-origin-ip: 172.16.2.81
X-Post-Rate-Limit-Limit: 1250
X-Post-Rate-Limit-Remaining: 1164
X-Post-Rate-Limit-Reset: 67
X-RateLimit-ClientLimit: 12500
X-RateLimit-ClientRemaining: 12304
X-RateLimit-UserLimit: 2000
X-RateLimit-UserRemaining: 1879
X-RateLimit-UserReset: 1633899729

{
    "data": {
        "id": "vjAsh0Y",
        "title": "ImageTitle",
        "description": null,
        "datetime": 1633899663,
        "type": "image/png",
        "animated": false,
        "width": 384,
        "height": 337,
        "size": 240294,
        "views": 0,
        "bandwidth": 0,
        "vote": null,
        "favorite": false,
        "nsfw": null,
        "section": null,
        "account_url": null,
        "account_id": 155524493,
        "is_ad": false,
        "in_most_viral": false,
        "has_sound": false,
        "tags": [
            
        ],
        "ad_type": 0,
        "ad_url": "",
        "edited": "0",
        "in_gallery": false,
        "deletehash": "0kJ4eJeK38BZcKy",
        "name": "",
        "link": "https://i.imgur.com/vjAsh0Y.png"
    },
    "success": true,
    "status": 200
}
]]></system-out>
  </testcase>
  <testcase name="addImageToAnAlbum" classname="pz.ImageAndAlbumsTests" time="0.748">
    <system-out><![CDATA[HTTP/1.1 200 OK
Connection: keep-alive
Content-Type: application/json
X-Post-Rate-Limit-Limit: 1250
X-Post-Rate-Limit-Remaining: 1163
X-Post-Rate-Limit-Reset: 65
Access-Control-Expose-Headers: X-RateLimit-ClientLimit, X-RateLimit-ClientRemaining, X-RateLimit-UserLimit, X-RateLimit-UserRemaining, X-RateLimit-UserReset, Geo-City, Geo-Region, Geo-Metro-Code, Geo-Country-Code
X-RateLimit-ClientLimit: 12500
X-RateLimit-ClientRemaining: 12303
X-RateLimit-UserLimit: 2000
X-RateLimit-UserRemaining: 1878
X-RateLimit-UserReset: 1633899729
ETag: W/"4a931e85c4c3e49f1fb921656d64b65510e32928"
Cache-Control: no-store, no-cache, must-revalidate, post-check=0, pre-check=0
Content-Encoding: gzip
Accept-Ranges: bytes
Date: Sun, 10 Oct 2021 21:01:04 GMT
X-Served-By: cache-hel6831-HEL
X-Cache: MISS
X-Cache-Hits: 0
X-Timer: S1633899664.789949,VS0,VE459
Vary: Accept-Encoding
access-control-allow-methods: GET, PUT, POST, PATCH, DELETE, OPTIONS
Server: cat factory 1.0
Access-Control-Allow-Origin: *
Access-Control-Allow-Credentials: true
X-Frame-Options: DENY
Access-Control-Allow-Headers: Authorization, Content-Type, Accept, X-Mashape-Authorization, IMGURPLATFORM, IMGURUIDJAFO, sessionCount, IMGURMWBETA, IMGURMWBETAOPTIN, X-expSNKPK127, X-Imgur-Defender-Bypass
transfer-encoding: chunked

{
    "data": true,
    "success": true,
    "status": 200
}
]]></system-out>
  </testcase>
  <testcase name="setAlbumImage" classname="pz.ImageAndAlbumsTests" time="0.579">
    <system-out><![CDATA[HTTP/1.1 200 OK
Connection: keep-alive
Content-Type: application/json
X-Post-Rate-Limit-Limit: 1250
X-Post-Rate-Limit-Remaining: 1162
X-Post-Rate-Limit-Reset: 65
Access-Control-Expose-Headers: X-RateLimit-ClientLimit, X-RateLimit-ClientRemaining, X-RateLimit-UserLimit, X-RateLimit-UserRemaining, X-RateLimit-UserReset, Geo-City, Geo-Region, Geo-Metro-Code, Geo-Country-Code
X-RateLimit-ClientLimit: 12500
X-RateLimit-ClientRemaining: 12302
X-RateLimit-UserLimit: 2000
X-RateLimit-UserRemaining: 1877
X-RateLimit-UserReset: 1633899729
ETag: W/"4a931e85c4c3e49f1fb921656d64b65510e32928"
Cache-Control: no-store, no-cache, must-revalidate, post-check=0, pre-check=0
Content-Encoding: gzip
Accept-Ranges: bytes
Date: Sun, 10 Oct 2021 21:01:04 GMT
X-Served-By: cache-hel6833-HEL
X-Cache: MISS
X-Cache-Hits: 0
X-Timer: S1633899665.538934,VS0,VE292
Vary: Accept-Encoding
access-control-allow-methods: GET, PUT, POST, PATCH, DELETE, OPTIONS
Server: cat factory 1.0
Access-Control-Allow-Origin: *
Access-Control-Allow-Credentials: true
X-Frame-Options: DENY
Access-Control-Allow-Headers: Authorization, Content-Type, Accept, X-Mashape-Authorization, IMGURPLATFORM, IMGURUIDJAFO, sessionCount, IMGURMWBETA, IMGURMWBETAOPTIN, X-expSNKPK127, X-Imgur-Defender-Bypass
transfer-encoding: chunked

{
    "data": true,
    "success": true,
    "status": 200
}
]]></system-out>
  </testcase>
  <testcase name="removeImageFromAnAlbumTest" classname="pz.ImageAndAlbumsTests" time="0.572">
    <system-out><![CDATA[HTTP/1.1 200 OK
Connection: close
Server: nginx
Date: Sun, 10 Oct 2021 21:01:05 GMT
Content-Type: application/json
Vary: Accept-Encoding
X-Post-Rate-Limit-Limit: 1250
X-Post-Rate-Limit-Remaining: 1161
X-Post-Rate-Limit-Reset: 64
Access-Control-Allow-Origin: *
Access-Control-Allow-Methods: GET, PUT, POST, DELETE, OPTIONS
Access-Control-Allow-Headers: Authorization, Content-Type, Accept, X-Mashape-Authorization, IMGURPLATFORM, IMGURUIDJAFO, SESSIONCOUNT, IMGURMWBETA, IMGURMWBETAOPTIN
Access-Control-Expose-Headers: X-RateLimit-ClientLimit, X-RateLimit-ClientRemaining, X-RateLimit-UserLimit, X-RateLimit-UserRemaining, X-RateLimit-UserReset, Geo-City, Geo-Region, Geo-Metro-Code, Geo-Country-Code
X-RateLimit-ClientLimit: 12500
X-RateLimit-ClientRemaining: 12301
X-RateLimit-UserLimit: 2000
X-RateLimit-UserRemaining: 1876
X-RateLimit-UserReset: 1633899729
ETag: W/"4a931e85c4c3e49f1fb921656d64b65510e32928"
Cache-Control: no-store, no-cache, must-revalidate, post-check=0, pre-check=0
X-origin-ip: 172.16.2.165
Content-Encoding: gzip
transfer-encoding: chunked

{
    "data": true,
    "success": true,
    "status": 200
}
]]></system-out>
  </testcase>
  <testcase name="delAlbum" classname="pz.ImageAndAlbumsTests" time="0.496">
    <system-out><![CDATA[Request method:	DELETE
Request URI:	https://api.imgur.com/3/album/ItUI511rGeTkkrL
HTTP/1.1 200 OK
Connection: keep-alive
Content-Type: application/json
Access-Control-Expose-Headers: X-RateLimit-ClientLimit, X-RateLimit-ClientRemaining, X-RateLimit-UserLimit, X-RateLimit-UserRemaining, X-RateLimit-UserReset, Geo-City, Geo-Region, Geo-Metro-Code, Geo-Country-Code
X-RateLimit-ClientLimit: 12500
X-RateLimit-ClientRemaining: 12300
X-RateLimit-UserLimit: 2000
X-RateLimit-UserRemaining: 1875
X-RateLimit-UserReset: 1633899729
ETag: W/"4a931e85c4c3e49f1fb921656d64b65510e32928"
Cache-Control: no-store, no-cache, must-revalidate, post-check=0, pre-check=0
Content-Encoding: gzip
Accept-Ranges: bytes
Date: Sun, 10 Oct 2021 21:01:05 GMT
X-Served-By: cache-hel6830-HEL
X-Cache: MISS
X-Cache-Hits: 0
X-Timer: S1633899666.685407,VS0,VE239
Vary: Accept-Encoding
access-control-allow-methods: GET, PUT, POST, PATCH, DELETE, OPTIONS
Server: cat factory 1.0
Access-Control-Allow-Origin: *
Access-Control-Allow-Credentials: true
X-Frame-Options: DENY
Access-Control-Allow-Headers: Authorization, Content-Type, Accept, X-Mashape-Authorization, IMGURPLATFORM, IMGURUIDJAFO, sessionCount, IMGURMWBETA, IMGURMWBETAOPTIN, X-expSNKPK127, X-Imgur-Defender-Bypass
transfer-encoding: chunked

{
    "data": true,
    "success": true,
    "status": 200
}
]]></system-out>
  </testcase>
  <testcase name="DeleteImage1Test" classname="pz.ImageAndAlbumsTests" time="0.908">
    <system-out><![CDATA[HTTP/1.1 200 OK
Connection: keep-alive
Content-Type: application/json
Access-Control-Expose-Headers: X-RateLimit-ClientLimit, X-RateLimit-ClientRemaining, X-RateLimit-UserLimit, X-RateLimit-UserRemaining, X-RateLimit-UserReset, Geo-City, Geo-Region, Geo-Metro-Code, Geo-Country-Code
X-RateLimit-ClientLimit: 12500
X-RateLimit-ClientRemaining: 12299
X-RateLimit-UserLimit: 2000
X-RateLimit-UserRemaining: 1874
X-RateLimit-UserReset: 1633899729
ETag: W/"4a931e85c4c3e49f1fb921656d64b65510e32928"
Cache-Control: no-store, no-cache, must-revalidate, post-check=0, pre-check=0
Content-Encoding: gzip
Accept-Ranges: bytes
Date: Sun, 10 Oct 2021 21:01:06 GMT
X-Served-By: cache-hel6825-HEL
X-Cache: MISS
X-Cache-Hits: 0
X-Timer: S1633899666.181698,VS0,VE652
Vary: Accept-Encoding
access-control-allow-methods: GET, PUT, POST, PATCH, DELETE, OPTIONS
Server: cat factory 1.0
Access-Control-Allow-Origin: *
Access-Control-Allow-Credentials: true
X-Frame-Options: DENY
Access-Control-Allow-Headers: Authorization, Content-Type, Accept, X-Mashape-Authorization, IMGURPLATFORM, IMGURUIDJAFO, sessionCount, IMGURMWBETA, IMGURMWBETAOPTIN, X-expSNKPK127, X-Imgur-Defender-Bypass
transfer-encoding: chunked

{
    "data": true,
    "success": true,
    "status": 200
}
]]></system-out>
  </testcase>
  <testcase name="DeleteImage2Test" classname="pz.ImageAndAlbumsTests" time="1.86">
    <system-out><![CDATA[HTTP/1.1 200 OK
Connection: keep-alive
Content-Type: application/json
Access-Control-Expose-Headers: X-RateLimit-ClientLimit, X-RateLimit-ClientRemaining, X-RateLimit-UserLimit, X-RateLimit-UserRemaining, X-RateLimit-UserReset, Geo-City, Geo-Region, Geo-Metro-Code, Geo-Country-Code
X-RateLimit-ClientLimit: 12500
X-RateLimit-ClientRemaining: 12298
X-RateLimit-UserLimit: 2000
X-RateLimit-UserRemaining: 1873
X-RateLimit-UserReset: 1633899729
ETag: W/"4a931e85c4c3e49f1fb921656d64b65510e32928"
Cache-Control: no-store, no-cache, must-revalidate, post-check=0, pre-check=0
Content-Encoding: gzip
Accept-Ranges: bytes
Date: Sun, 10 Oct 2021 21:01:08 GMT
X-Served-By: cache-hel6825-HEL
X-Cache: MISS
X-Cache-Hits: 0
X-Timer: S1633899668.086166,VS0,VE608
Vary: Accept-Encoding
access-control-allow-methods: GET, PUT, POST, PATCH, DELETE, OPTIONS
Server: cat factory 1.0
Access-Control-Allow-Origin: *
Access-Control-Allow-Credentials: true
X-Frame-Options: DENY
Access-Control-Allow-Headers: Authorization, Content-Type, Accept, X-Mashape-Authorization, IMGURPLATFORM, IMGURUIDJAFO, sessionCount, IMGURMWBETA, IMGURMWBETAOPTIN, X-expSNKPK127, X-Imgur-Defender-Bypass
transfer-encoding: chunked

{
    "data": true,
    "success": true,
    "status": 200
}
]]></system-out>
  </testcase>
  <testcase name="DeleteImage3Test" classname="pz.ImageAndAlbumsTests" time="0.862">
    <system-out><![CDATA[HTTP/1.1 200 OK
Connection: keep-alive
Content-Type: application/json
Access-Control-Expose-Headers: X-RateLimit-ClientLimit, X-RateLimit-ClientRemaining, X-RateLimit-UserLimit, X-RateLimit-UserRemaining, X-RateLimit-UserReset, Geo-City, Geo-Region, Geo-Metro-Code, Geo-Country-Code
X-RateLimit-ClientLimit: 12500
X-RateLimit-ClientRemaining: 12297
X-RateLimit-UserLimit: 2000
X-RateLimit-UserRemaining: 1872
X-RateLimit-UserReset: 1633899729
ETag: W/"4a931e85c4c3e49f1fb921656d64b65510e32928"
Cache-Control: no-store, no-cache, must-revalidate, post-check=0, pre-check=0
Content-Encoding: gzip
Accept-Ranges: bytes
Date: Sun, 10 Oct 2021 21:01:09 GMT
X-Served-By: cache-hel6821-HEL
X-Cache: MISS
X-Cache-Hits: 0
X-Timer: S1633899669.967389,VS0,VE592
Vary: Accept-Encoding
access-control-allow-methods: GET, PUT, POST, PATCH, DELETE, OPTIONS
Server: cat factory 1.0
Access-Control-Allow-Origin: *
Access-Control-Allow-Credentials: true
X-Frame-Options: DENY
Access-Control-Allow-Headers: Authorization, Content-Type, Accept, X-Mashape-Authorization, IMGURPLATFORM, IMGURUIDJAFO, sessionCount, IMGURMWBETA, IMGURMWBETAOPTIN, X-expSNKPK127, X-Imgur-Defender-Bypass
transfer-encoding: chunked

{
    "data": true,
    "success": true,
    "status": 200
}
]]></system-out>
  </testcase>
</testsuite>