<?xml version="1.0" encoding="UTF-8"?>
<testsuite xmlns:xsi="http://www.w3.org/2001/XMLSchema-instance" xsi:noNamespaceSchemaLocation="https://maven.apache.org/surefire/maven-surefire-plugin/xsd/surefire-test-report-3.0.xsd" version="3.0" name="pz.AlbumTests" time="4.629" tests="8" errors="0" skipped="0" failures="0">
  <properties>
[...]
</properties>
  <testcase name="createAlbumWithoutParamTest" classname="pz.AlbumTests" time="0.773">
    <system-out><![CDATA[HTTP/1.1 200 OK
Connection: keep-alive
Content-Type: application/json
X-Post-Rate-Limit-Limit: 1250
X-Post-Rate-Limit-Remaining: 1175
X-Post-Rate-Limit-Reset: 79
Access-Control-Expose-Headers: X-RateLimit-ClientLimit, X-RateLimit-ClientRemaining, X-RateLimit-UserLimit, X-RateLimit-UserRemaining, X-RateLimit-UserReset, Geo-City, Geo-Region, Geo-Metro-Code, Geo-Country-Code
X-RateLimit-ClientLimit: 12500
X-RateLimit-ClientRemaining: 12316
X-RateLimit-UserLimit: 2000
X-RateLimit-UserRemaining: 1891
X-RateLimit-UserReset: 1633899729
ETag: W/"69859f29e26d5179a1f87cca3c73c3a256ba7b1c"
Cache-Control: no-store, no-cache, must-revalidate, post-check=0, pre-check=0
Content-Encoding: gzip
Accept-Ranges: bytes
Date: Sun, 10 Oct 2021 21:00:50 GMT
X-Served-By: cache-hel6831-HEL
X-Cache: MISS
X-Cache-Hits: 0
X-Timer: S1633899650.194906,VS0,VE435
Vary: Accept-Encoding
access-control-allow-methods: GET, PUT, POST, PATCH, DELETE, OPTIONS
Server: cat factory 1.0
Access-Control-Allow-Origin: *
Access-Control-Allow-Credentials: true
X-Frame-Options: DENY
Access-Control-Allow-Headers: Authorization, Content-Type, Accept, X-Mashape-Authorization, IMGURPLATFORM, IMGURUIDJAFO, sessionCount, IMGURMWBETA, IMGURMWBETAOPTIN, X-expSNKPK127, X-Imgur-Defender-Bypass
transfer-encoding: chunked

{
    "data": {
        "id": "u7gPhx8",
        "deletehash": "NVBKNvJyCBtL5nG"
    },
    "success": true,
    "status": 200
}
]]></system-out>
  </testcase>
  <testcase name="favoriteAlbumTest" classname="pz.AlbumTests" time="0.562">
    <system-out><![CDATA[HTTP/1.1 200 OK
Connection: keep-alive
Content-Type: application/json
X-Post-Rate-Limit-Limit: 1250
X-Post-Rate-Limit-Remaining: 1174
X-Post-Rate-Limit-Reset: 78
Access-Control-Expose-Headers: X-RateLimit-ClientLimit, X-RateLimit-ClientRemaining, X-RateLimit-UserLimit, X-RateLimit-UserRemaining, X-RateLimit-UserReset, Geo-City, Geo-Region, Geo-Metro-Code, Geo-Country-Code
X-RateLimit-ClientLimit: 12500
X-RateLimit-ClientRemaining: 12315
X-RateLimit-UserLimit: 2000
X-RateLimit-UserRemaining: 1890
X-RateLimit-UserReset: 1633899729
ETag: W/"115e5cdd04ba8fa979c9a2045e98b7c455c1683f"
Cache-Control: no-store, no-cache, must-revalidate, post-check=0, pre-check=0
Content-Encoding: gzip
Accept-Ranges: bytes
Date: Sun, 10 Oct 2021 21:00:51 GMT
X-Served-By: cache-hel6824-HEL
X-Cache: MISS
X-Cache-Hits: 0
X-Timer: S1633899651.950117,VS0,VE274
Vary: Accept-Encoding
access-control-allow-methods: GET, PUT, POST, PATCH, DELETE, OPTIONS
Server: cat factory 1.0
Access-Control-Allow-Origin: *
Access-Control-Allow-Credentials: true
X-Frame-Options: DENY
Access-Control-Allow-Headers: Authorization, Content-Type, Accept, X-Mashape-Authorization, IMGURPLATFORM, IMGURUIDJAFO, sessionCount, IMGURMWBETA, IMGURMWBETAOPTIN, X-expSNKPK127, X-Imgur-Defender-Bypass
transfer-encoding: chunked

{
    "data": "favorited",
    "success": true,
    "status": 200
}
]]></system-out>
  </testcase>
  <testcase name="unFavoriteAlbumTest" classname="pz.AlbumTests" time="0.559">
    <system-out><![CDATA[HTTP/1.1 200 OK
Connection: keep-alive
Content-Type: application/json
X-Post-Rate-Limit-Limit: 1250
X-Post-Rate-Limit-Remaining: 1173
X-Post-Rate-Limit-Reset: 78
Access-Control-Expose-Headers: X-RateLimit-ClientLimit, X-RateLimit-ClientRemaining, X-RateLimit-UserLimit, X-RateLimit-UserRemaining, X-RateLimit-UserReset, Geo-City, Geo-Region, Geo-Metro-Code, Geo-Country-Code
X-RateLimit-ClientLimit: 12500
X-RateLimit-ClientRemaining: 12314
X-RateLimit-UserLimit: 2000
X-RateLimit-UserRemaining: 1889
X-RateLimit-UserReset: 1633899729
ETag: W/"70a1cdc3cf0d2a7186f2d56b6d7aca3aa4eee367"
Cache-Control: no-store, no-cache, must-revalidate, post-check=0, pre-check=0
Content-Encoding: gzip
Accept-Ranges: bytes
Date: Sun, 10 Oct 2021 21:00:51 GMT
X-Served-By: cache-hel6826-HEL
X-Cache: MISS
X-Cache-Hits: 0
X-Timer: S1633899652.514572,VS0,VE274
Vary: Accept-Encoding
access-control-allow-methods: GET, PUT, POST, PATCH, DELETE, OPTIONS
Server: cat factory 1.0
Access-Control-Allow-Origin: *
Access-Control-Allow-Credentials: true
X-Frame-Options: DENY
Access-Control-Allow-Headers: Authorization, Content-Type, Accept, X-Mashape-Authorization, IMGURPLATFORM, IMGURUIDJAFO, sessionCount, IMGURMWBETA, IMGURMWBETAOPTIN, X-expSNKPK127, X-Imgur-Defender-Bypass
transfer-encoding: chunked

{
    "data": "unfavorited",
    "success": true,
    "status": 200
}
]]></system-out>
  </testcase>
  <testcase name="delAlbum" classname="pz.AlbumTests" time="0.511">
    <system-out><![CDATA[Request method:	DELETE
Request URI:	https://api.imgur.com/3/album/NVBKNvJyCBtL5nG
HTTP/1.1 200 OK
Connection: keep-alive
Content-Type: application/json
Access-Control-Expose-Headers: X-RateLimit-ClientLimit, X-RateLimit-ClientRemaining, X-RateLimit-UserLimit, X-RateLimit-UserRemaining, X-RateLimit-UserReset, Geo-City, Geo-Region, Geo-Metro-Code, Geo-Country-Code
X-RateLimit-ClientLimit: 12500
X-RateLimit-ClientRemaining: 12313
X-RateLimit-UserLimit: 2000
X-RateLimit-UserRemaining: 1888
X-RateLimit-UserReset: 1633899729
ETag: W/"4a931e85c4c3e49f1fb921656d64b65510e32928"
Cache-Control: no-store, no-cache, must-revalidate, post-check=0, pre-check=0
Content-Encoding: gzip
Accept-Ranges: bytes
Date: Sun, 10 Oct 2021 21:00:52 GMT
X-Served-By: cache-hel6824-HEL
X-Cache: MISS
X-Cache-Hits: 0
X-Timer: S1633899652.073915,VS0,VE244
Vary: Accept-Encoding
access-control-allow-methods: GET, PUT, POST, PATCH, DELETE, OPTIONS
Server: cat factory 1.0
Access-Control-Allow-Origin: *
Access-Control-Allow-Credentials: true
X-Frame-Options: DENY
Access-Control-Allow-Headers: Authorization, Content-Type, Accept, X-Mashape-Authorization, IMGURPLATFORM, IMGURUIDJAFO, sessionCount, IMGURMWBETA, IMGURMWBETAOPTIN, X-expSNKPK127, X-Imgur-Defender-Bypass
transfer-encoding: chunked

{
    "data": true,
    "success": true,
    "status": 200
}
]]></system-out>
  </testcase>
  <testcase name="getNonExistenAlbumTest" classname="pz.AlbumTests" time="0.803">
    <system-out><![CDATA[Request method:	GET
Request URI:	https://api.imgur.com/3/album/NVBKNvJyCBtL5nG
HTTP/1.1 404 Not Found
Connection: keep-alive
Content-Length: 4323
Content-Type: text/html; charset=utf-8
ETag: "615f83d0-10e3"
Accept-Ranges: bytes
Date: Sun, 10 Oct 2021 21:00:52 GMT
X-Served-By: cache-hel6828-HEL
X-Cache: MISS
X-Cache-Hits: 0
X-Timer: S1633899653.582212,VS0,VE319
Vary: Accept-Encoding
access-control-allow-methods: GET, PUT, POST, PATCH, DELETE, OPTIONS
Server: cat factory 1.0
Access-Control-Allow-Origin: *
Access-Control-Allow-Credentials: true
X-Frame-Options: DENY
Access-Control-Allow-Headers: Authorization, Content-Type, Accept, X-Mashape-Authorization, IMGURPLATFORM, IMGURUIDJAFO, sessionCount, IMGURMWBETA, IMGURMWBETAOPTIN, X-expSNKPK127, X-Imgur-Defender-Bypass

<html lang="en">
  <head>
    <title>imgur: the simple 404 page</title>
    <meta http-equiv="content-type" content="text/html;charset=utf-8"/>
    <meta name="robots" content="noindex,nofollow"/>
    <meta name="keywords" content="images, funny pictures, image host, image upload, image sharing, image resize"/>
    <meta name="description" content="Imgur is home to the web's most popular image content, curated in real time by a dedicated community through commenting, voting and sharing."/>
    <meta name="copyright" content="Copyright 2014 Imgur, Inc."/>
    <meta http-equiv="X-UA-Compatible" content="IE=Edge;"/>
    <link rel="stylesheet" type="text/css" href="https://s.imgur.com/min/404.css?1393899213"/>
  </head>
  <body>
    <div class="nodisplay">
        Imgur is home to the web's most popular image content, curated in real time by a dedicated community through commenting, voting and sharing.
    </div>
    <div id="hallway">
      <div class="container">
        <div class="painting" id="cat1">
          <img src="//s.imgur.com/images/404/cat1weyes.png"/>
          <div class="eye-container">
            <div class="eye left">
              <div class="pupil"/>
            </div>
            <div class="eye right">
              <div class="pupil"/>
            </div>
          </div>
        </div>
        <div class="painting" id="cat2">
          <img src="//s.imgur.com/images/404/cat2weyes.png"/>
          <div class="eye-container">
            <div class="eye">
              <div class="pupil"/>
            </div>
          </div>
        </div>
        <div class="painting" id="giraffe">
          <img src="//s.imgur.com/images/404/giraffeweyes.png"/>
          <div class="eye-container">
            <div class="eye left">
              <div class="pupil"/>
            </div>
            <div class="eye right">
              <div class="pupil"/>
            </div>
          </div>
          <img class="monocle" src="//s.imgur.com/images/404/monocle.png"/>
        </div>
        <div class="painting" id="cat3">
          <img src="//s.imgur.com/images/404/cat3weyes.png"/>
          <div class="eye-container">
            <div class="eye left">
              <div class="pupil"/>
            </div>
            <div class="eye right">
              <div class="pupil"/>
            </div>
          </div>
        </div>
        <div class="painting" id="cat4">
          <img src="//s.imgur.com/images/404/cat4weyes.png"/>
          <div class="eye-container">
            <div class="eye left">
              <div class="pupil"/>
            </div>
            <div class="eye right">
              <div class="pupil"/>
            </div>
          </div>
        </div>
      </div>
    </div>
    <div class="footer textbox">
      <h1>Zoinks! You've taken a wrong turn.</h1>
      <p>Let's split up, gang. If you're looking for an image, it's probably been deleted or may not have existed at all.</p>
      <p>
If you are looking for groovy images,         <a shape="rect" href="//imgur.com">visit our gallery!</a>
      </p>
      <a shape="rect" class="footer-logo" href="//imgur.com">
        <img src="https://s.imgur.com/images/imgurlogo-header.png"/>
      </a>
    </div>
    <script type="text/javascript">
        (function(widgetFactory) {
            widgetFactory.mergeConfig('analytics', {
                isAdmin: false
            });
        })(_widgetFactory);
    </script>
    <script type="text/javascript" src="https://s.imgur.com/min/404.js?1393899213"/>
    <script type="text/javascript">
            var e404 = E404.getInstance();
            e404.generalInit();
    </script>
  </body>
</html>
]]></system-out>
  </testcase>
  <testcase name="favoriteNonExistenTest" classname="pz.AlbumTests" time="0.424">
    <system-out><![CDATA[HTTP/1.1 404 Not Found
Connection: close
Content-Length: 4323
Server: nginx
Date: Sun, 10 Oct 2021 21:00:53 GMT
Content-Type: text/html; charset=utf-8
ETag: "615f83d0-10e3"
Set-Cookie: UPSERVERID=upload.i-02dd57f716beff78f.production; path=/

<html lang="en">
  <head>
    <title>imgur: the simple 404 page</title>
    <meta http-equiv="content-type" content="text/html;charset=utf-8"/>
    <meta name="robots" content="noindex,nofollow"/>
    <meta name="keywords" content="images, funny pictures, image host, image upload, image sharing, image resize"/>
    <meta name="description" content="Imgur is home to the web's most popular image content, curated in real time by a dedicated community through commenting, voting and sharing."/>
    <meta name="copyright" content="Copyright 2014 Imgur, Inc."/>
    <meta http-equiv="X-UA-Compatible" content="IE=Edge;"/>
    <link rel="stylesheet" type="text/css" href="https://s.imgur.com/min/404.css?1393899213"/>
  </head>
  <body>
    <div class="nodisplay">
        Imgur is home to the web's most popular image content, curated in real time by a dedicated community through commenting, voting and sharing.
    </div>
    <div id="hallway">
      <div class="container">
        <div class="painting" id="cat1">
          <img src="//s.imgur.com/images/404/cat1weyes.png"/>
          <div class="eye-container">
            <div class="eye left">
              <div class="pupil"/>
            </div>
            <div class="eye right">
              <div class="pupil"/>
            </div>
          </div>
        </div>
        <div class="painting" id="cat2">
          <img src="//s.imgur.com/images/404/cat2weyes.png"/>
          <div class="eye-container">
            <div class="eye">
              <div class="pupil"/>
            </div>
          </div>
        </div>
        <div class="painting" id="giraffe">
          <img src="//s.imgur.com/images/404/giraffeweyes.png"/>
          <div class="eye-container">
            <div class="eye left">
              <div class="pupil"/>
            </div>
            <div class="eye right">
              <div class="pupil"/>
            </div>
          </div>
          <img class="monocle" src="//s.imgur.com/images/404/monocle.png"/>
        </div>
        <div class="painting" id="cat3">
          <img src="//s.imgur.com/images/404/cat3weyes.png"/>
          <div class="eye-container">
            <div class="eye left">
              <div class="pupil"/>
            </div>
            <div class="eye right">
              <div class="pupil"/>
            </div>
          </div>
        </div>
        <div class="painting" id="cat4">
          <img src="//s.imgur.com/images/404/cat4weyes.png"/>
          <div class="eye-container">
            <div class="eye left">
              <div class="pupil"/>
            </div>
            <div class="eye right">
              <div class="pupil"/>
            </div>
          </div>
        </div>
      </div>
    </div>
    <div class="footer textbox">
      <h1>Zoinks! You've taken a wrong turn.</h1>
      <p>Let's split up, gang. If you're looking for an image, it's probably been deleted or may not have existed at all.</p>
      <p>
If you are looking for groovy images,         <a shape="rect" href="//imgur.com">visit our gallery!</a>
      </p>
      <a shape="rect" class="footer-logo" href="//imgur.com">
        <img src="https://s.imgur.com/images/imgurlogo-header.png"/>
      </a>
    </div>
    <script type="text/javascript">
        (function(widgetFactory) {
            widgetFactory.mergeConfig('analytics', {
                isAdmin: false
            });
        })(_widgetFactory);
    </script>
    <script type="text/javascript" src="https://s.imgur.com/min/404.js?1393899213"/>
    <script type="text/javascript">
            var e404 = E404.getInstance();
            e404.generalInit();
    </script>
  </body>
</html>
]]></system-out>
  </testcase>
  <testcase name="unFavoriteNonExistenTest" classname="pz.AlbumTests" time="0.595">
    <system-out><![CDATA[HTTP/1.1 404 Not Found
Connection: close
Content-Length: 4323
Server: nginx
Date: Sun, 10 Oct 2021 21:00:54 GMT
Content-Type: text/html; charset=utf-8
ETag: "615f83d0-10e3"
Set-Cookie: UPSERVERID=upload.i-06031d28aefcb1cfd.production; path=/

<html lang="en">
  <head>
    <title>imgur: the simple 404 page</title>
    <meta http-equiv="content-type" content="text/html;charset=utf-8"/>
    <meta name="robots" content="noindex,nofollow"/>
    <meta name="keywords" content="images, funny pictures, image host, image upload, image sharing, image resize"/>
    <meta name="description" content="Imgur is home to the web's most popular image content, curated in real time by a dedicated community through commenting, voting and sharing."/>
    <meta name="copyright" content="Copyright 2014 Imgur, Inc."/>
    <meta http-equiv="X-UA-Compatible" content="IE=Edge;"/>
    <link rel="stylesheet" type="text/css" href="https://s.imgur.com/min/404.css?1393899213"/>
  </head>
  <body>
    <div class="nodisplay">
        Imgur is home to the web's most popular image content, curated in real time by a dedicated community through commenting, voting and sharing.
    </div>
    <div id="hallway">
      <div class="container">
        <div class="painting" id="cat1">
          <img src="//s.imgur.com/images/404/cat1weyes.png"/>
          <div class="eye-container">
            <div class="eye left">
              <div class="pupil"/>
            </div>
            <div class="eye right">
              <div class="pupil"/>
            </div>
          </div>
        </div>
        <div class="painting" id="cat2">
          <img src="//s.imgur.com/images/404/cat2weyes.png"/>
          <div class="eye-container">
            <div class="eye">
              <div class="pupil"/>
            </div>
          </div>
        </div>
        <div class="painting" id="giraffe">
          <img src="//s.imgur.com/images/404/giraffeweyes.png"/>
          <div class="eye-container">
            <div class="eye left">
              <div class="pupil"/>
            </div>
            <div class="eye right">
              <div class="pupil"/>
            </div>
          </div>
          <img class="monocle" src="//s.imgur.com/images/404/monocle.png"/>
        </div>
        <div class="painting" id="cat3">
          <img src="//s.imgur.com/images/404/cat3weyes.png"/>
          <div class="eye-container">
            <div class="eye left">
              <div class="pupil"/>
            </div>
            <div class="eye right">
              <div class="pupil"/>
            </div>
          </div>
        </div>
        <div class="painting" id="cat4">
          <img src="//s.imgur.com/images/404/cat4weyes.png"/>
          <div class="eye-container">
            <div class="eye left">
              <div class="pupil"/>
            </div>
            <div class="eye right">
              <div class="pupil"/>
            </div>
          </div>
        </div>
      </div>
    </div>
    <div class="footer textbox">
      <h1>Zoinks! You've taken a wrong turn.</h1>
      <p>Let's split up, gang. If you're looking for an image, it's probably been deleted or may not have existed at all.</p>
      <p>
If you are looking for groovy images,         <a shape="rect" href="//imgur.com">visit our gallery!</a>
      </p>
      <a shape="rect" class="footer-logo" href="//imgur.com">
        <img src="https://s.imgur.com/images/imgurlogo-header.png"/>
      </a>
    </div>
    <script type="text/javascript">
        (function(widgetFactory) {
            widgetFactory.mergeConfig('analytics', {
                isAdmin: false
            });
        })(_widgetFactory);
    </script>
    <script type="text/javascript" src="https://s.imgur.com/min/404.js?1393899213"/>
    <script type="text/javascript">
            var e404 = E404.getInstance();
            e404.generalInit();
    </script>
  </body>
</html>
]]></system-out>
  </testcase>
  <testcase name="delAlbumAgain" classname="pz.AlbumTests" time="0.388">
    <system-out><![CDATA[HTTP/1.1 404 Not Found
Connection: keep-alive
Content-Length: 4323
Content-Type: text/html; charset=utf-8
ETag: "615f83d0-10e3"
Accept-Ranges: bytes
Date: Sun, 10 Oct 2021 21:00:54 GMT
X-Served-By: cache-hel6821-HEL
X-Cache: MISS
X-Cache-Hits: 0
X-Timer: S1633899654.408177,VS0,VE120
Vary: Accept-Encoding
access-control-allow-methods: GET, PUT, POST, PATCH, DELETE, OPTIONS
Server: cat factory 1.0
Access-Control-Allow-Origin: *
Access-Control-Allow-Credentials: true
X-Frame-Options: DENY
Access-Control-Allow-Headers: Authorization, Content-Type, Accept, X-Mashape-Authorization, IMGURPLATFORM, IMGURUIDJAFO, sessionCount, IMGURMWBETA, IMGURMWBETAOPTIN, X-expSNKPK127, X-Imgur-Defender-Bypass

<html lang="en">
  <head>
    <title>imgur: the simple 404 page</title>
    <meta http-equiv="content-type" content="text/html;charset=utf-8"/>
    <meta name="robots" content="noindex,nofollow"/>
    <meta name="keywords" content="images, funny pictures, image host, image upload, image sharing, image resize"/>
    <meta name="description" content="Imgur is home to the web's most popular image content, curated in real time by a dedicated community through commenting, voting and sharing."/>
    <meta name="copyright" content="Copyright 2014 Imgur, Inc."/>
    <meta http-equiv="X-UA-Compatible" content="IE=Edge;"/>
    <link rel="stylesheet" type="text/css" href="https://s.imgur.com/min/404.css?1393899213"/>
  </head>
  <body>
    <div class="nodisplay">
        Imgur is home to the web's most popular image content, curated in real time by a dedicated community through commenting, voting and sharing.
    </div>
    <div id="hallway">
      <div class="container">
        <div class="painting" id="cat1">
          <img src="//s.imgur.com/images/404/cat1weyes.png"/>
          <div class="eye-container">
            <div class="eye left">
              <div class="pupil"/>
            </div>
            <div class="eye right">
              <div class="pupil"/>
            </div>
          </div>
        </div>
        <div class="painting" id="cat2">
          <img src="//s.imgur.com/images/404/cat2weyes.png"/>
          <div class="eye-container">
            <div class="eye">
              <div class="pupil"/>
            </div>
          </div>
        </div>
        <div class="painting" id="giraffe">
          <img src="//s.imgur.com/images/404/giraffeweyes.png"/>
          <div class="eye-container">
            <div class="eye left">
              <div class="pupil"/>
            </div>
            <div class="eye right">
              <div class="pupil"/>
            </div>
          </div>
          <img class="monocle" src="//s.imgur.com/images/404/monocle.png"/>
        </div>
        <div class="painting" id="cat3">
          <img src="//s.imgur.com/images/404/cat3weyes.png"/>
          <div class="eye-container">
            <div class="eye left">
              <div class="pupil"/>
            </div>
            <div class="eye right">
              <div class="pupil"/>
            </div>
          </div>
        </div>
        <div class="painting" id="cat4">
          <img src="//s.imgur.com/images/404/cat4weyes.png"/>
          <div class="eye-container">
            <div class="eye left">
              <div class="pupil"/>
            </div>
            <div class="eye right">
              <div class="pupil"/>
            </div>
          </div>
        </div>
      </div>
    </div>
    <div class="footer textbox">
      <h1>Zoinks! You've taken a wrong turn.</h1>
      <p>Let's split up, gang. If you're looking for an image, it's probably been deleted or may not have existed at all.</p>
      <p>
If you are looking for groovy images,         <a shape="rect" href="//imgur.com">visit our gallery!</a>
      </p>
      <a shape="rect" class="footer-logo" href="//imgur.com">
        <img src="https://s.imgur.com/images/imgurlogo-header.png"/>
      </a>
    </div>
    <script type="text/javascript">
        (function(widgetFactory) {
            widgetFactory.mergeConfig('analytics', {
                isAdmin: false
            });
        })(_widgetFactory);
    </script>
    <script type="text/javascript" src="https://s.imgur.com/min/404.js?1393899213"/>
    <script type="text/javascript">
            var e404 = E404.getInstance();
            e404.generalInit();
    </script>
  </body>
</html>
]]></system-out>
  </testcase>
</testsuite>